<?xml version="1.0" encoding="UTF-8"?>
<!-- Generated by org.testng.reporters.JUnitReportReporter -->
<testsuite skipped="0" hostname="INBLRN0475" name="org.test.discoveryautomation.MyVideo" tests="1" failures="0" timestamp="14 Jul 2019 09:14:04 GMT" time="19.002" errors="0">
  <testcase name="Video" time="19.002" classname="org.test.discoveryautomation.MyVideo"/>
</testsuite> <!-- org.test.discoveryautomation.MyVideo -->
