<?xml version="1.0" encoding="UTF-8"?>
<!-- Generated by org.testng.reporters.JUnitReportReporter -->
<testsuite skipped="0" hostname="RINMAC748" name="org.test.discoveryautomation.MyVideo" tests="1" failures="0" timestamp="01 Sep 2019 09:05:03 GMT" time="9.002" errors="0">
  <testcase name="Video" time="9.002" classname="org.test.discoveryautomation.MyVideo"/>
</testsuite> <!-- org.test.discoveryautomation.MyVideo -->
